INFO 2024-05-22 10:50:13,112 Watching for file changes with StatReloader
INFO 2024-05-22 10:56:45,255 /home/lanlokun/Desktop/smahs/school_app/settings.py changed, reloading.
INFO 2024-05-22 10:56:45,548 Watching for file changes with StatReloader
INFO 2024-05-22 11:01:49,621 Watching for file changes with StatReloader
INFO 2024-05-22 11:01:56,447 "GET / HTTP/1.1" 302 0
INFO 2024-05-22 11:01:57,942 "GET /accounts/login/?next=/ HTTP/1.1" 200 3985
INFO 2024-05-22 11:01:58,069 "GET /static/plugins/toastr/toastr.min.css HTTP/1.1" 200 6454
INFO 2024-05-22 11:01:58,071 "GET /static/plugins/overlayScrollbars/css/OverlayScrollbars.min.css HTTP/1.1" 200 19724
INFO 2024-05-22 11:01:58,071 "GET /static/plugins/fontawesome-free/css/all.min.css HTTP/1.1" 200 58578
INFO 2024-05-22 11:01:58,072 "GET /static/dist/css/login-page.css HTTP/1.1" 200 8610
INFO 2024-05-22 11:01:58,075 "GET /static/dist/img/login.png HTTP/1.1" 200 137893
INFO 2024-05-22 11:01:58,079 "GET /static/dist/css/adminlte.min.css HTTP/1.1" 200 686707
INFO 2024-05-22 11:01:58,093 "GET /static/plugins/jquery/jquery.min.js HTTP/1.1" 200 88145
INFO 2024-05-22 11:01:58,106 "GET /static/plugins/toastr/toastr.min.js HTTP/1.1" 200 5251
INFO 2024-05-22 11:01:58,107 "GET /static/dist/js/jquery.formset.js HTTP/1.1" 200 13632
INFO 2024-05-22 11:01:58,108 "GET /static/plugins/bootstrap/js/bootstrap.bundle.min.js HTTP/1.1" 200 80698
INFO 2024-05-22 11:01:58,108 "GET /static/plugins/overlayScrollbars/js/jquery.overlayScrollbars.min.js HTTP/1.1" 200 42383
INFO 2024-05-22 11:01:58,112 "GET /static/dist/js/demo.js HTTP/1.1" 200 12616
INFO 2024-05-22 11:01:58,112 "GET /static/dist/js/adminlte.js HTTP/1.1" 200 57530
INFO 2024-05-22 11:01:58,306 "GET /static/plugins/fontawesome-free/webfonts/fa-solid-900.woff2 HTTP/1.1" 200 79444
WARNING 2024-05-22 11:02:01,422 Not Found: /favicon.ico
WARNING 2024-05-22 11:02:01,423 "GET /favicon.ico HTTP/1.1" 404 9359
INFO 2024-05-22 11:02:08,068 "POST /users/accounts/login/ HTTP/1.1" 302 0
INFO 2024-05-22 11:02:10,972 "GET / HTTP/1.1" 200 14709
INFO 2024-05-22 11:02:11,075 "GET /static/dist/js/admin-dashboard.js HTTP/1.1" 200 11
INFO 2024-05-22 11:02:11,075 "GET /static/dist/css/admin-dashboard.css HTTP/1.1" 200 1736
INFO 2024-05-22 11:02:11,077 "GET /static/plugins/Datatables/datatables.min.css HTTP/1.1" 200 25780
WARNING 2024-05-22 11:02:11,077 "GET /static/select2/js/select2.min.js HTTP/1.1" 404 1834
WARNING 2024-05-22 11:02:11,077 "GET /static/select2/css/select2.min.css HTTP/1.1" 404 1840
WARNING 2024-05-22 11:02:12,683 Not Found: /vendor/bootstrap-4.1/popper.min.js
WARNING 2024-05-22 11:02:12,683 "GET /vendor/bootstrap-4.1/popper.min.js HTTP/1.1" 404 9428
INFO 2024-05-22 11:02:12,688 "GET /static/plugins/fontawesome-free/webfonts/fa-regular-400.woff2 HTTP/1.1" 200 13584
WARNING 2024-05-22 11:02:14,214 Not Found: /vendor/bootstrap-progressbar/bootstrap-progressbar.min.js
WARNING 2024-05-22 11:02:14,215 "GET /vendor/bootstrap-progressbar/bootstrap-progressbar.min.js HTTP/1.1" 404 9497
WARNING 2024-05-22 11:02:14,520 Not Found: /vendor/wow/wow.min.js
WARNING 2024-05-22 11:02:14,521 "GET /vendor/wow/wow.min.js HTTP/1.1" 404 9389
WARNING 2024-05-22 11:02:14,829 Not Found: /vendor/counter-up/jquery.waypoints.min.js
WARNING 2024-05-22 11:02:14,841 "GET /vendor/counter-up/jquery.waypoints.min.js HTTP/1.1" 404 9449
WARNING 2024-05-22 11:02:15,046 Not Found: /vendor/animsition/animsition.min.js
WARNING 2024-05-22 11:02:15,048 "GET /vendor/animsition/animsition.min.js HTTP/1.1" 404 9431
WARNING 2024-05-22 11:02:15,357 Not Found: /vendor/bootstrap-4.1/bootstrap.min.js
WARNING 2024-05-22 11:02:15,358 "GET /vendor/bootstrap-4.1/bootstrap.min.js HTTP/1.1" 404 9437
WARNING 2024-05-22 11:02:15,649 Not Found: /vendor/slick/slick.min.js
WARNING 2024-05-22 11:02:15,650 "GET /vendor/slick/slick.min.js HTTP/1.1" 404 9401
WARNING 2024-05-22 11:02:15,950 Not Found: /vendor/counter-up/jquery.counterup.min.js
WARNING 2024-05-22 11:02:15,954 "GET /vendor/counter-up/jquery.counterup.min.js HTTP/1.1" 404 9449
WARNING 2024-05-22 11:02:16,240 Not Found: /vendor/circle-progress/circle-progress.min.js
WARNING 2024-05-22 11:02:16,244 "GET /vendor/circle-progress/circle-progress.min.js HTTP/1.1" 404 9461
WARNING 2024-05-22 11:02:16,469 Not Found: /vendor/perfect-scrollbar/perfect-scrollbar.js
WARNING 2024-05-22 11:02:16,469 "GET /vendor/perfect-scrollbar/perfect-scrollbar.js HTTP/1.1" 404 9461
WARNING 2024-05-22 11:02:16,872 Not Found: /vendor/chartjs/Chart.bundle.min.js
WARNING 2024-05-22 11:02:16,873 "GET /vendor/chartjs/Chart.bundle.min.js HTTP/1.1" 404 9428
WARNING 2024-05-22 11:02:17,124 Not Found: /vendor/select2/select2.min.js
WARNING 2024-05-22 11:02:17,125 "GET /vendor/select2/select2.min.js HTTP/1.1" 404 9413
WARNING 2024-05-22 11:02:17,389 Not Found: /vendor/vector-map/jquery.vmap.js
WARNING 2024-05-22 11:02:17,390 "GET /vendor/vector-map/jquery.vmap.js HTTP/1.1" 404 9422
INFO 2024-05-22 11:02:17,437 "GET /static/plugins/Datatables/datatables.min.js HTTP/1.1" 200 2042446
WARNING 2024-05-22 11:02:17,929 Not Found: /vendor/vector-map/jquery.vmap.min.js
WARNING 2024-05-22 11:02:17,930 "GET /vendor/vector-map/jquery.vmap.min.js HTTP/1.1" 404 9434
WARNING 2024-05-22 11:02:18,629 Not Found: /vendor/vector-map/jquery.vmap.world.js
WARNING 2024-05-22 11:02:18,630 "GET /vendor/vector-map/jquery.vmap.world.js HTTP/1.1" 404 9440
WARNING 2024-05-22 11:02:18,923 Not Found: /js/main.js
WARNING 2024-05-22 11:02:18,924 "GET /js/main.js HTTP/1.1" 404 9356
WARNING 2024-05-22 11:02:19,157 Not Found: /vendor/vector-map/jquery.vmap.sampledata.js
WARNING 2024-05-22 11:02:19,158 "GET /vendor/vector-map/jquery.vmap.sampledata.js HTTP/1.1" 404 9455
INFO 2024-05-22 11:02:25,887 "GET /users/accounts/logout/ HTTP/1.1" 302 0
INFO 2024-05-22 11:02:26,516 "GET / HTTP/1.1" 302 0
INFO 2024-05-22 11:02:27,873 "GET /accounts/login/?next=/ HTTP/1.1" 200 3985
INFO 2024-05-22 11:02:52,203 "POST /users/accounts/login/ HTTP/1.1" 302 0
INFO 2024-05-22 11:02:54,984 "GET / HTTP/1.1" 200 14709
WARNING 2024-05-22 11:02:55,075 "GET /static/select2/css/select2.min.css HTTP/1.1" 404 1840
WARNING 2024-05-22 11:02:55,094 "GET /static/select2/js/select2.min.js HTTP/1.1" 404 1834
WARNING 2024-05-22 11:02:56,595 Not Found: /vendor/wow/wow.min.js
WARNING 2024-05-22 11:02:56,596 "GET /vendor/wow/wow.min.js HTTP/1.1" 404 9389
WARNING 2024-05-22 11:02:56,811 Not Found: /vendor/bootstrap-4.1/bootstrap.min.js
WARNING 2024-05-22 11:02:56,812 "GET /vendor/bootstrap-4.1/bootstrap.min.js HTTP/1.1" 404 9437
WARNING 2024-05-22 11:02:57,049 Not Found: /vendor/slick/slick.min.js
WARNING 2024-05-22 11:02:57,050 "GET /vendor/slick/slick.min.js HTTP/1.1" 404 9401
WARNING 2024-05-22 11:02:57,272 Not Found: /vendor/bootstrap-4.1/popper.min.js
WARNING 2024-05-22 11:02:57,281 "GET /vendor/bootstrap-4.1/popper.min.js HTTP/1.1" 404 9428
WARNING 2024-05-22 11:02:57,858 Not Found: /vendor/animsition/animsition.min.js
WARNING 2024-05-22 11:02:57,859 "GET /vendor/animsition/animsition.min.js HTTP/1.1" 404 9431
WARNING 2024-05-22 11:02:58,128 Not Found: /vendor/counter-up/jquery.waypoints.min.js
WARNING 2024-05-22 11:02:58,129 "GET /vendor/counter-up/jquery.waypoints.min.js HTTP/1.1" 404 9449
WARNING 2024-05-22 11:02:58,410 Not Found: /vendor/counter-up/jquery.counterup.min.js
WARNING 2024-05-22 11:02:58,411 "GET /vendor/counter-up/jquery.counterup.min.js HTTP/1.1" 404 9449
WARNING 2024-05-22 11:02:58,613 Not Found: /vendor/circle-progress/circle-progress.min.js
WARNING 2024-05-22 11:02:58,613 "GET /vendor/circle-progress/circle-progress.min.js HTTP/1.1" 404 9461
WARNING 2024-05-22 11:02:58,927 Not Found: /vendor/bootstrap-progressbar/bootstrap-progressbar.min.js
WARNING 2024-05-22 11:02:58,928 "GET /vendor/bootstrap-progressbar/bootstrap-progressbar.min.js HTTP/1.1" 404 9497
WARNING 2024-05-22 11:02:59,266 Not Found: /vendor/perfect-scrollbar/perfect-scrollbar.js
WARNING 2024-05-22 11:02:59,269 "GET /vendor/perfect-scrollbar/perfect-scrollbar.js HTTP/1.1" 404 9461
WARNING 2024-05-22 11:02:59,486 Not Found: /vendor/chartjs/Chart.bundle.min.js
WARNING 2024-05-22 11:02:59,487 "GET /vendor/chartjs/Chart.bundle.min.js HTTP/1.1" 404 9428
WARNING 2024-05-22 11:02:59,735 Not Found: /vendor/select2/select2.min.js
WARNING 2024-05-22 11:02:59,736 "GET /vendor/select2/select2.min.js HTTP/1.1" 404 9413
WARNING 2024-05-22 11:03:00,077 Not Found: /vendor/vector-map/jquery.vmap.js
WARNING 2024-05-22 11:03:00,078 "GET /vendor/vector-map/jquery.vmap.js HTTP/1.1" 404 9422
WARNING 2024-05-22 11:03:00,230 Not Found: /vendor/vector-map/jquery.vmap.min.js
WARNING 2024-05-22 11:03:00,231 "GET /vendor/vector-map/jquery.vmap.min.js HTTP/1.1" 404 9434
WARNING 2024-05-22 11:03:00,533 Not Found: /vendor/vector-map/jquery.vmap.sampledata.js
WARNING 2024-05-22 11:03:00,534 "GET /vendor/vector-map/jquery.vmap.sampledata.js HTTP/1.1" 404 9455
WARNING 2024-05-22 11:03:00,803 Not Found: /vendor/vector-map/jquery.vmap.world.js
WARNING 2024-05-22 11:03:00,804 "GET /vendor/vector-map/jquery.vmap.world.js HTTP/1.1" 404 9440
WARNING 2024-05-22 11:03:01,110 Not Found: /js/main.js
WARNING 2024-05-22 11:03:01,111 "GET /js/main.js HTTP/1.1" 404 9356
INFO 2024-05-22 11:03:31,831 "GET /session/list/ HTTP/1.1" 200 15773
WARNING 2024-05-22 11:03:31,909 "GET /static/select2/css/select2.min.css HTTP/1.1" 404 1840
WARNING 2024-05-22 11:03:31,910 "GET /static/select2/js/select2.min.js HTTP/1.1" 404 1834
WARNING 2024-05-22 11:03:33,509 Not Found: /session/list/vendor/bootstrap-4.1/bootstrap.min.js
WARNING 2024-05-22 11:03:33,509 "GET /session/list/vendor/bootstrap-4.1/bootstrap.min.js HTTP/1.1" 404 9476
WARNING 2024-05-22 11:03:33,740 Not Found: /session/list/vendor/wow/wow.min.js
WARNING 2024-05-22 11:03:33,741 "GET /session/list/vendor/wow/wow.min.js HTTP/1.1" 404 9428
WARNING 2024-05-22 11:03:33,941 Not Found: /session/list/vendor/slick/slick.min.js
WARNING 2024-05-22 11:03:33,942 "GET /session/list/vendor/slick/slick.min.js HTTP/1.1" 404 9440
WARNING 2024-05-22 11:03:34,281 Not Found: /session/list/vendor/bootstrap-4.1/popper.min.js
WARNING 2024-05-22 11:03:34,289 "GET /session/list/vendor/bootstrap-4.1/popper.min.js HTTP/1.1" 404 9467
WARNING 2024-05-22 11:03:34,754 Not Found: /session/list/vendor/bootstrap-progressbar/bootstrap-progressbar.min.js
WARNING 2024-05-22 11:03:34,755 "GET /session/list/vendor/bootstrap-progressbar/bootstrap-progressbar.min.js HTTP/1.1" 404 9536
WARNING 2024-05-22 11:03:34,985 Not Found: /session/list/vendor/counter-up/jquery.waypoints.min.js
WARNING 2024-05-22 11:03:34,986 "GET /session/list/vendor/counter-up/jquery.waypoints.min.js HTTP/1.1" 404 9488
WARNING 2024-05-22 11:03:35,220 Not Found: /session/list/vendor/counter-up/jquery.counterup.min.js
WARNING 2024-05-22 11:03:35,221 "GET /session/list/vendor/counter-up/jquery.counterup.min.js HTTP/1.1" 404 9488
WARNING 2024-05-22 11:03:35,462 Not Found: /session/list/vendor/animsition/animsition.min.js
WARNING 2024-05-22 11:03:35,463 "GET /session/list/vendor/animsition/animsition.min.js HTTP/1.1" 404 9470
WARNING 2024-05-22 11:03:35,764 Not Found: /session/list/vendor/circle-progress/circle-progress.min.js
WARNING 2024-05-22 11:03:35,765 "GET /session/list/vendor/circle-progress/circle-progress.min.js HTTP/1.1" 404 9500
WARNING 2024-05-22 11:03:36,027 Not Found: /session/list/vendor/perfect-scrollbar/perfect-scrollbar.js
WARNING 2024-05-22 11:03:36,028 "GET /session/list/vendor/perfect-scrollbar/perfect-scrollbar.js HTTP/1.1" 404 9500
WARNING 2024-05-22 11:03:36,249 Not Found: /session/list/vendor/chartjs/Chart.bundle.min.js
WARNING 2024-05-22 11:03:36,250 "GET /session/list/vendor/chartjs/Chart.bundle.min.js HTTP/1.1" 404 9467
WARNING 2024-05-22 11:03:36,495 Not Found: /session/list/vendor/select2/select2.min.js
WARNING 2024-05-22 11:03:36,496 "GET /session/list/vendor/select2/select2.min.js HTTP/1.1" 404 9452
WARNING 2024-05-22 11:03:36,728 Not Found: /session/list/vendor/vector-map/jquery.vmap.js
WARNING 2024-05-22 11:03:36,729 "GET /session/list/vendor/vector-map/jquery.vmap.js HTTP/1.1" 404 9461
WARNING 2024-05-22 11:03:37,159 Not Found: /session/list/vendor/vector-map/jquery.vmap.min.js
WARNING 2024-05-22 11:03:37,161 "GET /session/list/vendor/vector-map/jquery.vmap.min.js HTTP/1.1" 404 9473
WARNING 2024-05-22 11:03:37,465 Not Found: /session/list/vendor/vector-map/jquery.vmap.sampledata.js
WARNING 2024-05-22 11:03:37,466 "GET /session/list/vendor/vector-map/jquery.vmap.sampledata.js HTTP/1.1" 404 9494
WARNING 2024-05-22 11:03:37,772 Not Found: /session/list/vendor/vector-map/jquery.vmap.world.js
WARNING 2024-05-22 11:03:37,774 "GET /session/list/vendor/vector-map/jquery.vmap.world.js HTTP/1.1" 404 9479
WARNING 2024-05-22 11:03:38,077 Not Found: /session/list/js/main.js
WARNING 2024-05-22 11:03:38,078 "GET /session/list/js/main.js HTTP/1.1" 404 9395
INFO 2024-05-22 11:03:46,577 "GET /semester/list/ HTTP/1.1" 200 16895
WARNING 2024-05-22 11:03:46,623 "GET /static/select2/css/select2.min.css HTTP/1.1" 404 1840
WARNING 2024-05-22 11:03:46,644 "GET /static/select2/js/select2.min.js HTTP/1.1" 404 1834
WARNING 2024-05-22 11:03:48,421 Not Found: /semester/list/vendor/slick/slick.min.js
WARNING 2024-05-22 11:03:48,422 "GET /semester/list/vendor/slick/slick.min.js HTTP/1.1" 404 9443
WARNING 2024-05-22 11:03:48,654 Not Found: /semester/list/vendor/wow/wow.min.js
WARNING 2024-05-22 11:03:48,655 "GET /semester/list/vendor/wow/wow.min.js HTTP/1.1" 404 9431
WARNING 2024-05-22 11:03:49,071 Not Found: /semester/list/vendor/bootstrap-4.1/popper.min.js
WARNING 2024-05-22 11:03:49,071 "GET /semester/list/vendor/bootstrap-4.1/popper.min.js HTTP/1.1" 404 9470
WARNING 2024-05-22 11:03:49,174 Not Found: /semester/list/vendor/bootstrap-4.1/bootstrap.min.js
WARNING 2024-05-22 11:03:49,196 "GET /semester/list/vendor/bootstrap-4.1/bootstrap.min.js HTTP/1.1" 404 9479
WARNING 2024-05-22 11:03:49,591 Not Found: /semester/list/vendor/bootstrap-progressbar/bootstrap-progressbar.min.js
WARNING 2024-05-22 11:03:49,598 "GET /semester/list/vendor/bootstrap-progressbar/bootstrap-progressbar.min.js HTTP/1.1" 404 9539
WARNING 2024-05-22 11:03:49,883 Not Found: /semester/list/vendor/counter-up/jquery.waypoints.min.js
WARNING 2024-05-22 11:03:49,884 "GET /semester/list/vendor/counter-up/jquery.waypoints.min.js HTTP/1.1" 404 9491
WARNING 2024-05-22 11:03:50,161 Not Found: /semester/list/vendor/counter-up/jquery.counterup.min.js
WARNING 2024-05-22 11:03:50,165 "GET /semester/list/vendor/counter-up/jquery.counterup.min.js HTTP/1.1" 404 9491
WARNING 2024-05-22 11:03:50,471 Not Found: /semester/list/vendor/animsition/animsition.min.js
WARNING 2024-05-22 11:03:50,484 "GET /semester/list/vendor/animsition/animsition.min.js HTTP/1.1" 404 9473
WARNING 2024-05-22 11:03:50,782 Not Found: /semester/list/vendor/circle-progress/circle-progress.min.js
WARNING 2024-05-22 11:03:50,794 "GET /semester/list/vendor/circle-progress/circle-progress.min.js HTTP/1.1" 404 9503
WARNING 2024-05-22 11:03:51,496 Not Found: /semester/list/vendor/chartjs/Chart.bundle.min.js
WARNING 2024-05-22 11:03:51,497 "GET /semester/list/vendor/chartjs/Chart.bundle.min.js HTTP/1.1" 404 9470
WARNING 2024-05-22 11:03:51,632 Not Found: /semester/list/vendor/select2/select2.min.js
WARNING 2024-05-22 11:03:51,634 "GET /semester/list/vendor/select2/select2.min.js HTTP/1.1" 404 9455
WARNING 2024-05-22 11:03:51,867 Not Found: /semester/list/vendor/vector-map/jquery.vmap.js
WARNING 2024-05-22 11:03:51,868 "GET /semester/list/vendor/vector-map/jquery.vmap.js HTTP/1.1" 404 9464
WARNING 2024-05-22 11:03:52,110 Not Found: /semester/list/vendor/perfect-scrollbar/perfect-scrollbar.js
WARNING 2024-05-22 11:03:52,111 "GET /semester/list/vendor/perfect-scrollbar/perfect-scrollbar.js HTTP/1.1" 404 9503
WARNING 2024-05-22 11:03:52,545 Not Found: /semester/list/vendor/vector-map/jquery.vmap.min.js
WARNING 2024-05-22 11:03:52,546 "GET /semester/list/vendor/vector-map/jquery.vmap.min.js HTTP/1.1" 404 9476
WARNING 2024-05-22 11:03:52,812 Not Found: /semester/list/vendor/vector-map/jquery.vmap.sampledata.js
WARNING 2024-05-22 11:03:52,813 "GET /semester/list/vendor/vector-map/jquery.vmap.sampledata.js HTTP/1.1" 404 9497
WARNING 2024-05-22 11:03:53,133 Not Found: /semester/list/vendor/vector-map/jquery.vmap.world.js
WARNING 2024-05-22 11:03:53,134 "GET /semester/list/vendor/vector-map/jquery.vmap.world.js HTTP/1.1" 404 9482
WARNING 2024-05-22 11:03:53,368 Not Found: /semester/list/js/main.js
WARNING 2024-05-22 11:03:53,368 "GET /semester/list/js/main.js HTTP/1.1" 404 9398
INFO 2024-05-22 11:04:03,271 "GET /course/list/ HTTP/1.1" 200 16001
WARNING 2024-05-22 11:04:03,318 "GET /static/select2/css/select2.min.css HTTP/1.1" 404 1840
WARNING 2024-05-22 11:04:03,319 "GET /static/select2/js/select2.min.js HTTP/1.1" 404 1834
WARNING 2024-05-22 11:04:04,758 Not Found: /course/list/vendor/wow/wow.min.js
WARNING 2024-05-22 11:04:04,759 "GET /course/list/vendor/wow/wow.min.js HTTP/1.1" 404 9425
WARNING 2024-05-22 11:04:04,997 Not Found: /course/list/vendor/slick/slick.min.js
WARNING 2024-05-22 11:04:04,998 "GET /course/list/vendor/slick/slick.min.js HTTP/1.1" 404 9437
WARNING 2024-05-22 11:04:05,305 Not Found: /course/list/vendor/bootstrap-4.1/popper.min.js
WARNING 2024-05-22 11:04:05,306 "GET /course/list/vendor/bootstrap-4.1/popper.min.js HTTP/1.1" 404 9464
WARNING 2024-05-22 11:04:05,535 Not Found: /course/list/vendor/bootstrap-4.1/bootstrap.min.js
WARNING 2024-05-22 11:04:05,535 "GET /course/list/vendor/bootstrap-4.1/bootstrap.min.js HTTP/1.1" 404 9473
WARNING 2024-05-22 11:04:05,954 Not Found: /course/list/vendor/bootstrap-progressbar/bootstrap-progressbar.min.js
WARNING 2024-05-22 11:04:05,955 "GET /course/list/vendor/bootstrap-progressbar/bootstrap-progressbar.min.js HTTP/1.1" 404 9533
WARNING 2024-05-22 11:04:06,222 Not Found: /course/list/vendor/counter-up/jquery.waypoints.min.js
WARNING 2024-05-22 11:04:06,223 "GET /course/list/vendor/counter-up/jquery.waypoints.min.js HTTP/1.1" 404 9485
WARNING 2024-05-22 11:04:06,500 Not Found: /course/list/vendor/animsition/animsition.min.js
WARNING 2024-05-22 11:04:06,501 "GET /course/list/vendor/animsition/animsition.min.js HTTP/1.1" 404 9467
WARNING 2024-05-22 11:04:06,733 Not Found: /course/list/vendor/counter-up/jquery.counterup.min.js
WARNING 2024-05-22 11:04:06,734 "GET /course/list/vendor/counter-up/jquery.counterup.min.js HTTP/1.1" 404 9485
WARNING 2024-05-22 11:04:07,057 Not Found: /course/list/vendor/circle-progress/circle-progress.min.js
WARNING 2024-05-22 11:04:07,060 "GET /course/list/vendor/circle-progress/circle-progress.min.js HTTP/1.1" 404 9497
WARNING 2024-05-22 11:04:07,401 Not Found: /course/list/vendor/perfect-scrollbar/perfect-scrollbar.js
WARNING 2024-05-22 11:04:07,402 "GET /course/list/vendor/perfect-scrollbar/perfect-scrollbar.js HTTP/1.1" 404 9497
WARNING 2024-05-22 11:04:07,674 Not Found: /course/list/vendor/chartjs/Chart.bundle.min.js
WARNING 2024-05-22 11:04:07,675 "GET /course/list/vendor/chartjs/Chart.bundle.min.js HTTP/1.1" 404 9464
WARNING 2024-05-22 11:04:07,981 Not Found: /course/list/vendor/select2/select2.min.js
WARNING 2024-05-22 11:04:07,986 "GET /course/list/vendor/select2/select2.min.js HTTP/1.1" 404 9449
WARNING 2024-05-22 11:04:08,545 Not Found: /course/list/vendor/vector-map/jquery.vmap.js
WARNING 2024-05-22 11:04:08,547 "GET /course/list/vendor/vector-map/jquery.vmap.js HTTP/1.1" 404 9458
WARNING 2024-05-22 11:04:08,781 Not Found: /course/list/vendor/vector-map/jquery.vmap.min.js
WARNING 2024-05-22 11:04:08,782 "GET /course/list/vendor/vector-map/jquery.vmap.min.js HTTP/1.1" 404 9470
WARNING 2024-05-22 11:04:09,107 Not Found: /course/list/vendor/vector-map/jquery.vmap.sampledata.js
WARNING 2024-05-22 11:04:09,108 "GET /course/list/vendor/vector-map/jquery.vmap.sampledata.js HTTP/1.1" 404 9491
WARNING 2024-05-22 11:04:09,414 Not Found: /course/list/vendor/vector-map/jquery.vmap.world.js
WARNING 2024-05-22 11:04:09,415 "GET /course/list/vendor/vector-map/jquery.vmap.world.js HTTP/1.1" 404 9476
WARNING 2024-05-22 11:04:09,618 Not Found: /course/list/js/main.js
WARNING 2024-05-22 11:04:09,619 "GET /course/list/js/main.js HTTP/1.1" 404 9392
INFO 2024-05-22 11:04:48,837 "GET /cohort/list/ HTTP/1.1" 200 14986
WARNING 2024-05-22 11:04:48,889 "GET /static/select2/css/select2.min.css HTTP/1.1" 404 1840
WARNING 2024-05-22 11:04:48,906 "GET /static/select2/js/select2.min.js HTTP/1.1" 404 1834
WARNING 2024-05-22 11:04:50,299 Not Found: /cohort/list/vendor/wow/wow.min.js
WARNING 2024-05-22 11:04:50,301 "GET /cohort/list/vendor/wow/wow.min.js HTTP/1.1" 404 9425
WARNING 2024-05-22 11:04:50,520 Not Found: /cohort/list/vendor/bootstrap-4.1/popper.min.js
WARNING 2024-05-22 11:04:50,521 "GET /cohort/list/vendor/bootstrap-4.1/popper.min.js HTTP/1.1" 404 9464
WARNING 2024-05-22 11:04:50,771 Not Found: /cohort/list/vendor/bootstrap-4.1/bootstrap.min.js
WARNING 2024-05-22 11:04:50,772 "GET /cohort/list/vendor/bootstrap-4.1/bootstrap.min.js HTTP/1.1" 404 9473
WARNING 2024-05-22 11:04:51,197 Not Found: /cohort/list/vendor/slick/slick.min.js
WARNING 2024-05-22 11:04:51,198 "GET /cohort/list/vendor/slick/slick.min.js HTTP/1.1" 404 9437
WARNING 2024-05-22 11:04:51,708 Not Found: /cohort/list/vendor/bootstrap-progressbar/bootstrap-progressbar.min.js
WARNING 2024-05-22 11:04:51,709 "GET /cohort/list/vendor/bootstrap-progressbar/bootstrap-progressbar.min.js HTTP/1.1" 404 9533
WARNING 2024-05-22 11:04:52,011 Not Found: /cohort/list/vendor/counter-up/jquery.waypoints.min.js
WARNING 2024-05-22 11:04:52,014 "GET /cohort/list/vendor/counter-up/jquery.waypoints.min.js HTTP/1.1" 404 9485
WARNING 2024-05-22 11:04:52,323 Not Found: /cohort/list/vendor/animsition/animsition.min.js
WARNING 2024-05-22 11:04:52,324 "GET /cohort/list/vendor/animsition/animsition.min.js HTTP/1.1" 404 9467
WARNING 2024-05-22 11:04:52,625 Not Found: /cohort/list/vendor/counter-up/jquery.counterup.min.js
WARNING 2024-05-22 11:04:52,629 "GET /cohort/list/vendor/counter-up/jquery.counterup.min.js HTTP/1.1" 404 9485
WARNING 2024-05-22 11:04:52,938 Not Found: /cohort/list/vendor/circle-progress/circle-progress.min.js
WARNING 2024-05-22 11:04:52,945 "GET /cohort/list/vendor/circle-progress/circle-progress.min.js HTTP/1.1" 404 9497
WARNING 2024-05-22 11:04:53,220 Not Found: /cohort/list/vendor/perfect-scrollbar/perfect-scrollbar.js
WARNING 2024-05-22 11:04:53,221 "GET /cohort/list/vendor/perfect-scrollbar/perfect-scrollbar.js HTTP/1.1" 404 9497
WARNING 2024-05-22 11:04:53,421 Not Found: /cohort/list/vendor/chartjs/Chart.bundle.min.js
WARNING 2024-05-22 11:04:53,422 "GET /cohort/list/vendor/chartjs/Chart.bundle.min.js HTTP/1.1" 404 9464
WARNING 2024-05-22 11:04:53,755 Not Found: /cohort/list/vendor/select2/select2.min.js
WARNING 2024-05-22 11:04:53,756 "GET /cohort/list/vendor/select2/select2.min.js HTTP/1.1" 404 9449
WARNING 2024-05-22 11:04:54,067 Not Found: /cohort/list/vendor/vector-map/jquery.vmap.js
WARNING 2024-05-22 11:04:54,068 "GET /cohort/list/vendor/vector-map/jquery.vmap.js HTTP/1.1" 404 9458
WARNING 2024-05-22 11:04:54,575 Not Found: /cohort/list/vendor/vector-map/jquery.vmap.sampledata.js
WARNING 2024-05-22 11:04:54,576 "GET /cohort/list/vendor/vector-map/jquery.vmap.sampledata.js HTTP/1.1" 404 9491
WARNING 2024-05-22 11:04:54,906 Not Found: /cohort/list/vendor/vector-map/jquery.vmap.min.js
WARNING 2024-05-22 11:04:54,907 "GET /cohort/list/vendor/vector-map/jquery.vmap.min.js HTTP/1.1" 404 9470
WARNING 2024-05-22 11:04:55,194 Not Found: /cohort/list/vendor/vector-map/jquery.vmap.world.js
WARNING 2024-05-22 11:04:55,195 "GET /cohort/list/vendor/vector-map/jquery.vmap.world.js HTTP/1.1" 404 9476
WARNING 2024-05-22 11:04:55,492 Not Found: /cohort/list/js/main.js
WARNING 2024-05-22 11:04:55,493 "GET /cohort/list/js/main.js HTTP/1.1" 404 9392
INFO 2024-05-22 11:05:02,762 "GET /exam/list HTTP/1.1" 200 13062
WARNING 2024-05-22 11:05:02,825 "GET /static/select2/css/select2.min.css HTTP/1.1" 404 1840
WARNING 2024-05-22 11:05:02,826 "GET /static/select2/js/select2.min.js HTTP/1.1" 404 1834
WARNING 2024-05-22 11:05:04,296 Not Found: /exam/vendor/slick/slick.min.js
WARNING 2024-05-22 11:05:04,296 "GET /exam/vendor/slick/slick.min.js HTTP/1.1" 404 9416
WARNING 2024-05-22 11:05:04,514 Not Found: /exam/vendor/wow/wow.min.js
WARNING 2024-05-22 11:05:04,515 "GET /exam/vendor/wow/wow.min.js HTTP/1.1" 404 9404
WARNING 2024-05-22 11:05:04,757 Not Found: /exam/vendor/bootstrap-4.1/bootstrap.min.js
WARNING 2024-05-22 11:05:04,759 "GET /exam/vendor/bootstrap-4.1/bootstrap.min.js HTTP/1.1" 404 9452
WARNING 2024-05-22 11:05:04,988 Not Found: /exam/vendor/bootstrap-4.1/popper.min.js
WARNING 2024-05-22 11:05:04,988 "GET /exam/vendor/bootstrap-4.1/popper.min.js HTTP/1.1" 404 9443
WARNING 2024-05-22 11:05:05,526 Not Found: /exam/vendor/bootstrap-progressbar/bootstrap-progressbar.min.js
WARNING 2024-05-22 11:05:05,527 "GET /exam/vendor/bootstrap-progressbar/bootstrap-progressbar.min.js HTTP/1.1" 404 9512
WARNING 2024-05-22 11:05:05,842 Not Found: /exam/vendor/counter-up/jquery.waypoints.min.js
WARNING 2024-05-22 11:05:05,843 "GET /exam/vendor/counter-up/jquery.waypoints.min.js HTTP/1.1" 404 9464
WARNING 2024-05-22 11:05:06,143 Not Found: /exam/vendor/counter-up/jquery.counterup.min.js
WARNING 2024-05-22 11:05:06,147 "GET /exam/vendor/counter-up/jquery.counterup.min.js HTTP/1.1" 404 9464
WARNING 2024-05-22 11:05:06,449 Not Found: /exam/vendor/animsition/animsition.min.js
WARNING 2024-05-22 11:05:06,463 "GET /exam/vendor/animsition/animsition.min.js HTTP/1.1" 404 9446
WARNING 2024-05-22 11:05:06,762 Not Found: /exam/vendor/perfect-scrollbar/perfect-scrollbar.js
WARNING 2024-05-22 11:05:06,768 "GET /exam/vendor/perfect-scrollbar/perfect-scrollbar.js HTTP/1.1" 404 9476
WARNING 2024-05-22 11:05:07,062 Not Found: /exam/vendor/circle-progress/circle-progress.min.js
WARNING 2024-05-22 11:05:07,064 "GET /exam/vendor/circle-progress/circle-progress.min.js HTTP/1.1" 404 9476
WARNING 2024-05-22 11:05:07,374 Not Found: /exam/vendor/chartjs/Chart.bundle.min.js
WARNING 2024-05-22 11:05:07,383 "GET /exam/vendor/chartjs/Chart.bundle.min.js HTTP/1.1" 404 9443
WARNING 2024-05-22 11:05:07,679 Not Found: /exam/vendor/select2/select2.min.js
WARNING 2024-05-22 11:05:07,693 "GET /exam/vendor/select2/select2.min.js HTTP/1.1" 404 9428
WARNING 2024-05-22 11:05:07,984 Not Found: /exam/vendor/vector-map/jquery.vmap.js
WARNING 2024-05-22 11:05:07,999 "GET /exam/vendor/vector-map/jquery.vmap.js HTTP/1.1" 404 9437
WARNING 2024-05-22 11:05:08,598 Not Found: /exam/vendor/vector-map/jquery.vmap.sampledata.js
WARNING 2024-05-22 11:05:08,601 "GET /exam/vendor/vector-map/jquery.vmap.sampledata.js HTTP/1.1" 404 9470
WARNING 2024-05-22 11:05:08,912 Not Found: /exam/vendor/vector-map/jquery.vmap.world.js
WARNING 2024-05-22 11:05:08,913 "GET /exam/vendor/vector-map/jquery.vmap.world.js HTTP/1.1" 404 9455
WARNING 2024-05-22 11:05:09,155 Not Found: /exam/js/main.js
WARNING 2024-05-22 11:05:09,156 "GET /exam/js/main.js HTTP/1.1" 404 9371
WARNING 2024-05-22 11:05:09,724 Not Found: /exam/vendor/vector-map/jquery.vmap.min.js
WARNING 2024-05-22 11:05:09,725 "GET /exam/vendor/vector-map/jquery.vmap.min.js HTTP/1.1" 404 9449
INFO 2024-05-22 11:05:14,947 "GET /users/list/ HTTP/1.1" 200 13338
WARNING 2024-05-22 11:05:15,006 "GET /static/select2/css/select2.min.css HTTP/1.1" 404 1840
WARNING 2024-05-22 11:05:15,006 "GET /static/select2/js/select2.min.js HTTP/1.1" 404 1834
WARNING 2024-05-22 11:05:16,440 Not Found: /users/list/vendor/slick/slick.min.js
WARNING 2024-05-22 11:05:16,441 "GET /users/list/vendor/slick/slick.min.js HTTP/1.1" 404 10224
WARNING 2024-05-22 11:05:16,694 Not Found: /users/list/vendor/bootstrap-4.1/bootstrap.min.js
WARNING 2024-05-22 11:05:16,695 "GET /users/list/vendor/bootstrap-4.1/bootstrap.min.js HTTP/1.1" 404 10260
WARNING 2024-05-22 11:05:17,036 Not Found: /users/list/vendor/wow/wow.min.js
WARNING 2024-05-22 11:05:17,037 "GET /users/list/vendor/wow/wow.min.js HTTP/1.1" 404 10212
WARNING 2024-05-22 11:05:17,270 Not Found: /users/list/vendor/bootstrap-4.1/popper.min.js
WARNING 2024-05-22 11:05:17,271 "GET /users/list/vendor/bootstrap-4.1/popper.min.js HTTP/1.1" 404 10251
WARNING 2024-05-22 11:05:17,777 Not Found: /users/list/vendor/animsition/animsition.min.js
WARNING 2024-05-22 11:05:17,778 "GET /users/list/vendor/animsition/animsition.min.js HTTP/1.1" 404 10254
WARNING 2024-05-22 11:05:18,029 Not Found: /users/list/vendor/counter-up/jquery.waypoints.min.js
WARNING 2024-05-22 11:05:18,030 "GET /users/list/vendor/counter-up/jquery.waypoints.min.js HTTP/1.1" 404 10272
WARNING 2024-05-22 11:05:18,333 Not Found: /users/list/vendor/counter-up/jquery.counterup.min.js
WARNING 2024-05-22 11:05:18,334 "GET /users/list/vendor/counter-up/jquery.counterup.min.js HTTP/1.1" 404 10272
WARNING 2024-05-22 11:05:18,557 Not Found: /users/list/vendor/circle-progress/circle-progress.min.js
WARNING 2024-05-22 11:05:18,558 "GET /users/list/vendor/circle-progress/circle-progress.min.js HTTP/1.1" 404 10284
WARNING 2024-05-22 11:05:18,797 Not Found: /users/list/vendor/perfect-scrollbar/perfect-scrollbar.js
WARNING 2024-05-22 11:05:18,798 "GET /users/list/vendor/perfect-scrollbar/perfect-scrollbar.js HTTP/1.1" 404 10284
WARNING 2024-05-22 11:05:19,009 Not Found: /users/list/vendor/bootstrap-progressbar/bootstrap-progressbar.min.js
WARNING 2024-05-22 11:05:19,010 "GET /users/list/vendor/bootstrap-progressbar/bootstrap-progressbar.min.js HTTP/1.1" 404 10320
WARNING 2024-05-22 11:05:19,229 Not Found: /users/list/vendor/chartjs/Chart.bundle.min.js
WARNING 2024-05-22 11:05:19,230 "GET /users/list/vendor/chartjs/Chart.bundle.min.js HTTP/1.1" 404 10251
WARNING 2024-05-22 11:05:19,496 Not Found: /users/list/vendor/select2/select2.min.js
WARNING 2024-05-22 11:05:19,497 "GET /users/list/vendor/select2/select2.min.js HTTP/1.1" 404 10236
WARNING 2024-05-22 11:05:20,169 Not Found: /users/list/vendor/vector-map/jquery.vmap.min.js
WARNING 2024-05-22 11:05:20,171 "GET /users/list/vendor/vector-map/jquery.vmap.min.js HTTP/1.1" 404 10257
WARNING 2024-05-22 11:05:20,465 Not Found: /users/list/vendor/vector-map/jquery.vmap.js
WARNING 2024-05-22 11:05:20,466 "GET /users/list/vendor/vector-map/jquery.vmap.js HTTP/1.1" 404 10245
WARNING 2024-05-22 11:05:20,787 Not Found: /users/list/vendor/vector-map/jquery.vmap.sampledata.js
WARNING 2024-05-22 11:05:20,788 "GET /users/list/vendor/vector-map/jquery.vmap.sampledata.js HTTP/1.1" 404 10278
WARNING 2024-05-22 11:05:21,091 Not Found: /users/list/vendor/vector-map/jquery.vmap.world.js
WARNING 2024-05-22 11:05:21,092 "GET /users/list/vendor/vector-map/jquery.vmap.world.js HTTP/1.1" 404 10263
WARNING 2024-05-22 11:05:21,380 Not Found: /users/list/js/main.js
WARNING 2024-05-22 11:05:21,381 "GET /users/list/js/main.js HTTP/1.1" 404 10179
INFO 2024-05-22 11:05:42,593 "GET /users/add/ HTTP/1.1" 200 14937
WARNING 2024-05-22 11:05:42,659 "GET /static/select2/css/select2.min.css HTTP/1.1" 404 1840
WARNING 2024-05-22 11:05:42,659 "GET /static/select2/js/select2.min.js HTTP/1.1" 404 1834
WARNING 2024-05-22 11:05:44,230 Not Found: /users/add/vendor/wow/wow.min.js
WARNING 2024-05-22 11:05:44,233 "GET /users/add/vendor/wow/wow.min.js HTTP/1.1" 404 10209
WARNING 2024-05-22 11:05:44,467 Not Found: /users/add/vendor/slick/slick.min.js
WARNING 2024-05-22 11:05:44,468 "GET /users/add/vendor/slick/slick.min.js HTTP/1.1" 404 10221
WARNING 2024-05-22 11:05:44,758 Not Found: /users/add/vendor/bootstrap-4.1/popper.min.js
WARNING 2024-05-22 11:05:44,758 "GET /users/add/vendor/bootstrap-4.1/popper.min.js HTTP/1.1" 404 10248
WARNING 2024-05-22 11:05:45,054 Not Found: /users/add/vendor/bootstrap-4.1/bootstrap.min.js
WARNING 2024-05-22 11:05:45,067 "GET /users/add/vendor/bootstrap-4.1/bootstrap.min.js HTTP/1.1" 404 10257
WARNING 2024-05-22 11:05:45,665 Not Found: /users/add/vendor/animsition/animsition.min.js
WARNING 2024-05-22 11:05:45,679 "GET /users/add/vendor/animsition/animsition.min.js HTTP/1.1" 404 10251
WARNING 2024-05-22 11:05:45,975 Not Found: /users/add/vendor/counter-up/jquery.waypoints.min.js
WARNING 2024-05-22 11:05:45,975 "GET /users/add/vendor/counter-up/jquery.waypoints.min.js HTTP/1.1" 404 10269
WARNING 2024-05-22 11:05:46,283 Not Found: /users/add/vendor/bootstrap-progressbar/bootstrap-progressbar.min.js
WARNING 2024-05-22 11:05:46,289 "GET /users/add/vendor/bootstrap-progressbar/bootstrap-progressbar.min.js HTTP/1.1" 404 10317
WARNING 2024-05-22 11:05:46,588 Not Found: /users/add/vendor/counter-up/jquery.counterup.min.js
WARNING 2024-05-22 11:05:46,596 "GET /users/add/vendor/counter-up/jquery.counterup.min.js HTTP/1.1" 404 10269
WARNING 2024-05-22 11:05:46,893 Not Found: /users/add/vendor/circle-progress/circle-progress.min.js
WARNING 2024-05-22 11:05:46,902 "GET /users/add/vendor/circle-progress/circle-progress.min.js HTTP/1.1" 404 10281
WARNING 2024-05-22 11:05:47,212 Not Found: /users/add/vendor/perfect-scrollbar/perfect-scrollbar.js
WARNING 2024-05-22 11:05:47,212 "GET /users/add/vendor/perfect-scrollbar/perfect-scrollbar.js HTTP/1.1" 404 10281
WARNING 2024-05-22 11:05:47,510 Not Found: /users/add/vendor/chartjs/Chart.bundle.min.js
WARNING 2024-05-22 11:05:47,511 "GET /users/add/vendor/chartjs/Chart.bundle.min.js HTTP/1.1" 404 10248
WARNING 2024-05-22 11:05:47,820 Not Found: /users/add/vendor/select2/select2.min.js
WARNING 2024-05-22 11:05:47,822 "GET /users/add/vendor/select2/select2.min.js HTTP/1.1" 404 10233
WARNING 2024-05-22 11:05:48,032 Not Found: /users/add/vendor/vector-map/jquery.vmap.js
WARNING 2024-05-22 11:05:48,033 "GET /users/add/vendor/vector-map/jquery.vmap.js HTTP/1.1" 404 10242
WARNING 2024-05-22 11:05:48,287 Not Found: /users/add/vendor/vector-map/jquery.vmap.min.js
WARNING 2024-05-22 11:05:48,288 "GET /users/add/vendor/vector-map/jquery.vmap.min.js HTTP/1.1" 404 10254
WARNING 2024-05-22 11:05:48,537 Not Found: /users/add/vendor/vector-map/jquery.vmap.sampledata.js
WARNING 2024-05-22 11:05:48,538 "GET /users/add/vendor/vector-map/jquery.vmap.sampledata.js HTTP/1.1" 404 10275
WARNING 2024-05-22 11:05:49,045 Not Found: /users/add/js/main.js
WARNING 2024-05-22 11:05:49,045 "GET /users/add/js/main.js HTTP/1.1" 404 10176
WARNING 2024-05-22 11:05:49,261 Not Found: /users/add/vendor/vector-map/jquery.vmap.world.js
WARNING 2024-05-22 11:05:49,262 "GET /users/add/vendor/vector-map/jquery.vmap.world.js HTTP/1.1" 404 10260
INFO 2024-05-22 11:09:04,224 "GET /admin/dashboard HTTP/1.1" 200 14721
WARNING 2024-05-22 11:09:04,296 "GET /static/select2/css/select2.min.css HTTP/1.1" 404 1840
WARNING 2024-05-22 11:09:04,296 "GET /static/select2/js/select2.min.js HTTP/1.1" 404 1834
WARNING 2024-05-22 11:09:05,853 Not Found: /admin/vendor/slick/slick.min.js
WARNING 2024-05-22 11:09:05,855 "GET /admin/vendor/slick/slick.min.js HTTP/1.1" 404 9419
WARNING 2024-05-22 11:09:06,088 Not Found: /admin/vendor/wow/wow.min.js
WARNING 2024-05-22 11:09:06,089 "GET /admin/vendor/wow/wow.min.js HTTP/1.1" 404 9407
WARNING 2024-05-22 11:09:06,326 Not Found: /admin/vendor/bootstrap-4.1/popper.min.js
WARNING 2024-05-22 11:09:06,329 "GET /admin/vendor/bootstrap-4.1/popper.min.js HTTP/1.1" 404 9446
WARNING 2024-05-22 11:09:06,564 Not Found: /admin/vendor/bootstrap-4.1/bootstrap.min.js
WARNING 2024-05-22 11:09:06,572 "GET /admin/vendor/bootstrap-4.1/bootstrap.min.js HTTP/1.1" 404 9455
WARNING 2024-05-22 11:09:07,280 Not Found: /admin/vendor/bootstrap-progressbar/bootstrap-progressbar.min.js
WARNING 2024-05-22 11:09:07,282 "GET /admin/vendor/bootstrap-progressbar/bootstrap-progressbar.min.js HTTP/1.1" 404 9515
WARNING 2024-05-22 11:09:07,510 Not Found: /admin/vendor/counter-up/jquery.waypoints.min.js
WARNING 2024-05-22 11:09:07,511 "GET /admin/vendor/counter-up/jquery.waypoints.min.js HTTP/1.1" 404 9467
WARNING 2024-05-22 11:09:07,765 Not Found: /admin/vendor/counter-up/jquery.counterup.min.js
WARNING 2024-05-22 11:09:07,766 "GET /admin/vendor/counter-up/jquery.counterup.min.js HTTP/1.1" 404 9467
WARNING 2024-05-22 11:09:08,001 Not Found: /admin/vendor/circle-progress/circle-progress.min.js
WARNING 2024-05-22 11:09:08,003 "GET /admin/vendor/circle-progress/circle-progress.min.js HTTP/1.1" 404 9479
WARNING 2024-05-22 11:09:08,237 Not Found: /admin/vendor/perfect-scrollbar/perfect-scrollbar.js
WARNING 2024-05-22 11:09:08,238 "GET /admin/vendor/perfect-scrollbar/perfect-scrollbar.js HTTP/1.1" 404 9479
WARNING 2024-05-22 11:09:08,501 Not Found: /admin/vendor/animsition/animsition.min.js
WARNING 2024-05-22 11:09:09,024 Not Found: /admin/vendor/select2/select2.min.js
WARNING 2024-05-22 11:09:09,029 "GET /admin/vendor/select2/select2.min.js HTTP/1.1" 404 9431
WARNING 2024-05-22 11:09:09,263 Not Found: /admin/vendor/vector-map/jquery.vmap.js
WARNING 2024-05-22 11:09:09,264 "GET /admin/vendor/vector-map/jquery.vmap.js HTTP/1.1" 404 9440
WARNING 2024-05-22 11:09:09,535 Not Found: /admin/vendor/vector-map/jquery.vmap.min.js
WARNING 2024-05-22 11:09:09,542 "GET /admin/vendor/vector-map/jquery.vmap.min.js HTTP/1.1" 404 9452
WARNING 2024-05-22 11:09:09,840 Not Found: /admin/vendor/chartjs/Chart.bundle.min.js
WARNING 2024-05-22 11:09:09,848 "GET /admin/vendor/chartjs/Chart.bundle.min.js HTTP/1.1" 404 9446
WARNING 2024-05-22 11:09:10,156 Not Found: /admin/vendor/vector-map/jquery.vmap.sampledata.js
WARNING 2024-05-22 11:09:10,157 "GET /admin/vendor/vector-map/jquery.vmap.sampledata.js HTTP/1.1" 404 9473
INFO 2024-05-22 11:09:10,484 "GET /student/list HTTP/1.1" 200 13567
WARNING 2024-05-22 11:09:10,586 "GET /static/select2/css/select2.min.css HTTP/1.1" 404 1840
WARNING 2024-05-22 11:09:10,639 "GET /static/select2/js/select2.min.js HTTP/1.1" 404 1834
WARNING 2024-05-22 11:09:10,706 Not Found: /admin/vendor/vector-map/jquery.vmap.world.js
WARNING 2024-05-22 11:09:11,218 Not Found: /admin/js/main.js
WARNING 2024-05-22 11:09:12,279 Not Found: /student/vendor/bootstrap-4.1/popper.min.js
WARNING 2024-05-22 11:09:12,283 "GET /student/vendor/bootstrap-4.1/popper.min.js HTTP/1.1" 404 11087
WARNING 2024-05-22 11:09:12,622 Not Found: /student/vendor/bootstrap-4.1/bootstrap.min.js
WARNING 2024-05-22 11:09:12,636 "GET /student/vendor/bootstrap-4.1/bootstrap.min.js HTTP/1.1" 404 11096
WARNING 2024-05-22 11:09:13,835 Not Found: /student/vendor/slick/slick.min.js
WARNING 2024-05-22 11:09:13,836 "GET /student/vendor/slick/slick.min.js HTTP/1.1" 404 11060
WARNING 2024-05-22 11:09:14,145 Not Found: /student/vendor/wow/wow.min.js
WARNING 2024-05-22 11:09:14,146 "GET /student/vendor/wow/wow.min.js HTTP/1.1" 404 11048
WARNING 2024-05-22 11:09:14,448 Not Found: /student/vendor/counter-up/jquery.waypoints.min.js
WARNING 2024-05-22 11:09:14,464 "GET /student/vendor/counter-up/jquery.waypoints.min.js HTTP/1.1" 404 11108
WARNING 2024-05-22 11:09:14,757 Not Found: /student/vendor/bootstrap-progressbar/bootstrap-progressbar.min.js
WARNING 2024-05-22 11:09:14,781 "GET /student/vendor/bootstrap-progressbar/bootstrap-progressbar.min.js HTTP/1.1" 404 11156
WARNING 2024-05-22 11:09:14,998 Not Found: /student/vendor/animsition/animsition.min.js
WARNING 2024-05-22 11:09:14,998 "GET /student/vendor/animsition/animsition.min.js HTTP/1.1" 404 11090
WARNING 2024-05-22 11:09:15,474 Not Found: /student/vendor/circle-progress/circle-progress.min.js
WARNING 2024-05-22 11:09:15,475 "GET /student/vendor/circle-progress/circle-progress.min.js HTTP/1.1" 404 11120
WARNING 2024-05-22 11:09:15,779 Not Found: /student/vendor/counter-up/jquery.counterup.min.js
WARNING 2024-05-22 11:09:15,781 "GET /student/vendor/counter-up/jquery.counterup.min.js HTTP/1.1" 404 11108
WARNING 2024-05-22 11:09:16,089 Not Found: /student/vendor/perfect-scrollbar/perfect-scrollbar.js
WARNING 2024-05-22 11:09:16,096 "GET /student/vendor/perfect-scrollbar/perfect-scrollbar.js HTTP/1.1" 404 11120
WARNING 2024-05-22 11:09:16,318 Not Found: /student/vendor/chartjs/Chart.bundle.min.js
WARNING 2024-05-22 11:09:16,324 "GET /student/vendor/chartjs/Chart.bundle.min.js HTTP/1.1" 404 11087
WARNING 2024-05-22 11:09:16,563 Not Found: /student/vendor/select2/select2.min.js
WARNING 2024-05-22 11:09:16,564 "GET /student/vendor/select2/select2.min.js HTTP/1.1" 404 11072
WARNING 2024-05-22 11:09:16,803 Not Found: /student/vendor/vector-map/jquery.vmap.js
WARNING 2024-05-22 11:09:16,803 "GET /student/vendor/vector-map/jquery.vmap.js HTTP/1.1" 404 11081
WARNING 2024-05-22 11:09:17,113 Not Found: /student/vendor/vector-map/jquery.vmap.min.js
WARNING 2024-05-22 11:09:17,113 "GET /student/vendor/vector-map/jquery.vmap.min.js HTTP/1.1" 404 11093
WARNING 2024-05-22 11:09:17,418 Not Found: /student/vendor/vector-map/jquery.vmap.sampledata.js
WARNING 2024-05-22 11:09:17,419 "GET /student/vendor/vector-map/jquery.vmap.sampledata.js HTTP/1.1" 404 11114
WARNING 2024-05-22 11:09:17,725 Not Found: /student/vendor/vector-map/jquery.vmap.world.js
WARNING 2024-05-22 11:09:17,725 "GET /student/vendor/vector-map/jquery.vmap.world.js HTTP/1.1" 404 11099
WARNING 2024-05-22 11:09:18,032 Not Found: /student/js/main.js
WARNING 2024-05-22 11:09:18,033 "GET /student/js/main.js HTTP/1.1" 404 11015
